Build started 11/9/2015 2:59:36 PM.
     1>Project "C:\Users\Geoffrey\Documents\Semester 3\Physics\Final Project\Game420Lab7\Game420Lab7.vcxproj" on node 2 (Build target(s)).
     1>ClCompile:
         C:\Program Files (x86)\Microsoft Visual Studio 12.0\VC\bin\CL.exe /c /I"C:\Users\Geoffrey\Documents\Semester 3\Physics\Box2D_v2.3.0\Box2D" /I"C:\Users\Geoffrey\Documents\Semester 3\Physics\Game420Lab7_Ex2\SDL-1.2.15\include" /ZI /nologo /W3 /WX- /Od /Oy- /D WIN32 /D _DEBUG /D _CONSOLE /D _MBCS /Gm /EHsc /RTC1 /MDd /GS /fp:precise /Zc:wchar_t /Zc:forScope /Fo"Debug\\" /Fd"Debug\vc120.pdb" /Gd /TP /analyze- /errorReport:prompt Background.cpp Ball.cpp EndScreen.cpp enemy.cpp GameObject.cpp GameWorld.cpp Ground.cpp InputManager.cpp InputObserver.cpp Joint.cpp LongBox.cpp Main.cpp StateManager.cpp StoneBlock.cpp WoodenBox.cpp
         WoodenBox.cpp
     1>c:\users\geoffrey\documents\semester 3\physics\final project\game420lab7\gameobject.h(4): fatal error C1083: Cannot open include file: 'glut.h': No such file or directory
         StoneBlock.cpp
     1>c:\users\geoffrey\documents\semester 3\physics\final project\game420lab7\gameobject.h(4): fatal error C1083: Cannot open include file: 'glut.h': No such file or directory
         StateManager.cpp
     1>c:\users\geoffrey\documents\semester 3\physics\final project\game420lab7\statemanager.cpp(27): warning C4018: '<' : signed/unsigned mismatch
         Main.cpp
     1>c:\users\geoffrey\documents\semester 3\physics\final project\game420lab7\gameobject.h(4): fatal error C1083: Cannot open include file: 'glut.h': No such file or directory
         LongBox.cpp
     1>c:\users\geoffrey\documents\semester 3\physics\final project\game420lab7\gameobject.h(4): fatal error C1083: Cannot open include file: 'glut.h': No such file or directory
         Joint.cpp
     1>c:\users\geoffrey\documents\semester 3\physics\final project\game420lab7\gameobject.h(4): fatal error C1083: Cannot open include file: 'glut.h': No such file or directory
         InputObserver.cpp
         InputManager.cpp
     1>c:\users\geoffrey\documents\semester 3\physics\final project\game420lab7\inputmanager.cpp(39): warning C4018: '<' : signed/unsigned mismatch
     1>c:\users\geoffrey\documents\semester 3\physics\final project\game420lab7\inputmanager.cpp(49): warning C4018: '<' : signed/unsigned mismatch
     1>c:\users\geoffrey\documents\semester 3\physics\final project\game420lab7\inputmanager.cpp(59): warning C4018: '<' : signed/unsigned mismatch
         Ground.cpp
     1>c:\users\geoffrey\documents\semester 3\physics\final project\game420lab7\gameobject.h(4): fatal error C1083: Cannot open include file: 'glut.h': No such file or directory
         GameWorld.cpp
     1>c:\users\geoffrey\documents\semester 3\physics\final project\game420lab7\gameobject.h(4): fatal error C1083: Cannot open include file: 'glut.h': No such file or directory
         GameObject.cpp
     1>c:\users\geoffrey\documents\semester 3\physics\final project\game420lab7\gameobject.h(4): fatal error C1083: Cannot open include file: 'glut.h': No such file or directory
         enemy.cpp
     1>c:\users\geoffrey\documents\semester 3\physics\final project\game420lab7\gameobject.h(4): fatal error C1083: Cannot open include file: 'glut.h': No such file or directory
         EndScreen.cpp
     1>c:\users\geoffrey\documents\semester 3\physics\final project\game420lab7\gameobject.h(4): fatal error C1083: Cannot open include file: 'glut.h': No such file or directory
         Ball.cpp
     1>c:\users\geoffrey\documents\semester 3\physics\final project\game420lab7\gameobject.h(4): fatal error C1083: Cannot open include file: 'glut.h': No such file or directory
         Background.cpp
     1>c:\users\geoffrey\documents\semester 3\physics\final project\game420lab7\gameobject.h(4): fatal error C1083: Cannot open include file: 'glut.h': No such file or directory
         Generating Code...
     1>Done Building Project "C:\Users\Geoffrey\Documents\Semester 3\Physics\Final Project\Game420Lab7\Game420Lab7.vcxproj" (Build target(s)) -- FAILED.

Build FAILED.

Time Elapsed 00:00:07.97
